<?xml version="1.0" encoding="UTF-8"?>
<!-- Generated by org.testng.reporters.JUnitReportReporter -->
<testsuite hostname="Coolama-Tatta" failures="0" tests="1" name="org.Fidelity.TestNG.Practise.Test1_Test" time="0.009" errors="0" timestamp="2022-09-20T13:33:27 IST" skipped="0">
  <testcase classname="org.Fidelity.TestNG.Practise.Test1_Test" name="Run1" time="0.009"/>
  <system-out/>
</testsuite> <!-- org.Fidelity.TestNG.Practise.Test1_Test -->
