<?xml version="1.0" encoding="UTF-8"?>
<!-- Generated by org.testng.reporters.JUnitReportReporter -->
<testsuite hostname="Coolama-Tatta" failures="0" tests="6" name="org.Fidelity.TestNG.Practise.Test1test" time="0.046" errors="0" timestamp="2022-09-12T21:41:19 IST" skipped="0">
  <testcase classname="org.Fidelity.TestNG.Practise.Test1test" name="Run1" time="0.013"/>
  <system-out/>
  <testcase classname="org.Fidelity.TestNG.Practise.Test1test" name="Run2" time="0.003"/>
  <system-out/>
  <testcase classname="org.Fidelity.TestNG.Practise.Test1test" name="Run2" time="0.008"/>
  <system-out/>
  <testcase classname="org.Fidelity.TestNG.Practise.Test1test" name="Run3" time="0.002"/>
  <system-out/>
  <testcase classname="org.Fidelity.TestNG.Practise.Test1test" name="Run3" time="0.007"/>
  <system-out/>
  <testcase classname="org.Fidelity.TestNG.Practise.Test1test" name="Run1" time="0.013"/>
  <system-out/>
</testsuite> <!-- org.Fidelity.TestNG.Practise.Test1test -->
