<?xml version="1.0" encoding="UTF-8"?>
<!-- Generated by org.testng.reporters.JUnitReportReporter -->
<testsuite hostname="Coolama-Tatta" failures="0" tests="1" name="launchBrowser.Facebook_Test" time="9.992" errors="0" timestamp="2022-07-30T16:00:04 IST" skipped="0">
  <testcase classname="launchBrowser.Facebook_Test" name="launchingFacebook" time="9.992"/>
  <system-out/>
</testsuite> <!-- launchBrowser.Facebook_Test -->
