<?xml version="1.0" encoding="UTF-8"?>
<!-- Generated by org.testng.reporters.JUnitReportReporter -->
<testsuite hostname="Coolama-Tatta" failures="0" tests="1" name="org.Fidelity.TestNG.Practise.ApplyDebitCard_CheckinActiveCustomer_Test" time="13.302" errors="0" timestamp="2022-09-19T12:15:16 IST" skipped="0">
  <testcase classname="org.Fidelity.TestNG.Practise.ApplyDebitCard_CheckinActiveCustomer_Test" name="TestCase2" time="13.302"/>
  <system-out/>
</testsuite> <!-- org.Fidelity.TestNG.Practise.ApplyDebitCard_CheckinActiveCustomer_Test -->
