<?xml version="1.0" encoding="UTF-8"?>
<!-- Generated by org.testng.reporters.JUnitReportReporter -->
<testsuite hostname="Coolama-Tatta" failures="0" tests="1" name="org.Fidelity.TestNG.Practise.CustomerModuleTestITest" time="27.966" errors="0" timestamp="2022-09-15T12:28:24 IST" skipped="0">
  <testcase classname="org.Fidelity.TestNG.Practise.CustomerModuleTestITest" name="TestCase1" time="27.966"/>
  <system-out/>
</testsuite> <!-- org.Fidelity.TestNG.Practise.CustomerModuleTestITest -->
