<?xml version="1.0" encoding="UTF-8"?>
<!-- Generated by org.testng.reporters.JUnitReportReporter -->
<testsuite hostname="Coolama-Tatta" failures="0" tests="1" name="org.Fidelity.GeneralUtility.ExtentReportTest" time="0.477" errors="0" timestamp="2022-09-14T22:50:36 IST" skipped="0">
  <testcase classname="org.Fidelity.GeneralUtility.ExtentReportTest" name="report" time="0.477"/>
  <system-out/>
</testsuite> <!-- org.Fidelity.GeneralUtility.ExtentReportTest -->
