<?xml version="1.0" encoding="UTF-8"?>
<!-- Generated by org.testng.reporters.JUnitReportReporter -->
<testsuite hostname="Coolama-Tatta" failures="0" tests="3" name="org.Fidelity.TestNG.Practise.AnnotationPractiseTest" time="0.011" errors="0" timestamp="2022-09-09T10:39:43 IST" skipped="0">
  <testcase classname="org.Fidelity.TestNG.Practise.AnnotationPractiseTest" name="Test2" time="0.002"/>
  <system-out/>
  <testcase classname="org.Fidelity.TestNG.Practise.AnnotationPractiseTest" name="Test1" time="0.002"/>
  <system-out/>
  <testcase classname="org.Fidelity.TestNG.Practise.AnnotationPractiseTest" name="Test2" time="0.007"/>
  <system-out/>
</testsuite> <!-- org.Fidelity.TestNG.Practise.AnnotationPractiseTest -->
