<?xml version="1.0" encoding="UTF-8"?>
<!-- Generated by org.testng.reporters.JUnitReportReporter -->
<testsuite hostname="Coolama-Tatta" failures="0" tests="15" name="org.Fidelity.TestNG.Practise.DataProvider2" time="0.041" errors="0" timestamp="2022-09-13T22:56:11 IST" skipped="0">
  <testcase classname="org.Fidelity.TestNG.Practise.DataProvider2" name="test" time="0.006"/>
  <system-out/>
  <testcase classname="org.Fidelity.TestNG.Practise.DataProvider2" name="test" time="0.002"/>
  <system-out/>
  <testcase classname="org.Fidelity.TestNG.Practise.DataProvider2" name="test" time="0.001"/>
  <system-out/>
  <testcase classname="org.Fidelity.TestNG.Practise.DataProvider2" name="test" time="0.002"/>
  <system-out/>
  <testcase classname="org.Fidelity.TestNG.Practise.DataProvider2" name="test" time="0.002"/>
  <system-out/>
  <testcase classname="org.Fidelity.TestNG.Practise.DataProvider2" name="test" time="0.003"/>
  <system-out/>
  <testcase classname="org.Fidelity.TestNG.Practise.DataProvider2" name="test" time="0.003"/>
  <system-out/>
  <testcase classname="org.Fidelity.TestNG.Practise.DataProvider2" name="test" time="0.002"/>
  <system-out/>
  <testcase classname="org.Fidelity.TestNG.Practise.DataProvider2" name="test" time="0.004"/>
  <system-out/>
  <testcase classname="org.Fidelity.TestNG.Practise.DataProvider2" name="test" time="0.002"/>
  <system-out/>
  <testcase classname="org.Fidelity.TestNG.Practise.DataProvider2" name="test" time="0.002"/>
  <system-out/>
  <testcase classname="org.Fidelity.TestNG.Practise.DataProvider2" name="test" time="0.003"/>
  <system-out/>
  <testcase classname="org.Fidelity.TestNG.Practise.DataProvider2" name="test" time="0.003"/>
  <system-out/>
  <testcase classname="org.Fidelity.TestNG.Practise.DataProvider2" name="test" time="0.005"/>
  <system-out/>
  <testcase classname="org.Fidelity.TestNG.Practise.DataProvider2" name="test" time="0.001"/>
  <system-out/>
</testsuite> <!-- org.Fidelity.TestNG.Practise.DataProvider2 -->
