<?xml version="1.0" encoding="UTF-8"?>
<!-- Generated by org.testng.reporters.JUnitReportReporter -->
<testsuite hostname="Coolama-Tatta" failures="0" tests="1" name="org.Fidelity.TestNG.Practise.CustomerModuleTest2" time="20.468" errors="0" timestamp="2022-09-13T13:23:41 IST" skipped="0">
  <testcase classname="org.Fidelity.TestNG.Practise.CustomerModuleTest2" name="TestCase2" time="20.468"/>
  <system-out/>
</testsuite> <!-- org.Fidelity.TestNG.Practise.CustomerModuleTest2 -->
