<?xml version="1.0" encoding="UTF-8"?>
<!-- Generated by org.testng.reporters.JUnitReportReporter -->
<testsuite hostname="Coolama-Tatta" failures="0" tests="3" name="org.Fidelity.TestNG.Practise.DataProvider1" time="0.023" errors="0" timestamp="2022-09-14T13:15:39 IST" skipped="0">
  <testcase classname="org.Fidelity.TestNG.Practise.DataProvider1" name="test" time="0.002"/>
  <system-out/>
  <testcase classname="org.Fidelity.TestNG.Practise.DataProvider1" name="test" time="0.012"/>
  <system-out/>
  <testcase classname="org.Fidelity.TestNG.Practise.DataProvider1" name="test" time="0.009"/>
  <system-out/>
</testsuite> <!-- org.Fidelity.TestNG.Practise.DataProvider1 -->
