<?xml version="1.0" encoding="UTF-8"?>
<!-- Generated by org.testng.reporters.JUnitReportReporter -->
<testsuite hostname="Coolama-Tatta" failures="0" tests="2" name="org.Fidelity.TestNG.Practise.Test2test" time="0.005" errors="0" timestamp="2022-09-12T21:41:19 IST" skipped="0">
  <testcase classname="org.Fidelity.TestNG.Practise.Test2test" name="Test2" time="0.002"/>
  <system-out/>
  <testcase classname="org.Fidelity.TestNG.Practise.Test2test" name="Test2" time="0.003"/>
  <system-out/>
</testsuite> <!-- org.Fidelity.TestNG.Practise.Test2test -->
