<?xml version="1.0" encoding="UTF-8"?>
<!-- Generated by org.testng.reporters.JUnitReportReporter -->
<testsuite hostname="Coolama-Tatta" failures="0" tests="1" name="org.Fidelity.TestNG.Practise.Test2test" time="0.011" errors="0" timestamp="2022-09-21T10:29:05 IST" skipped="0">
  <testcase classname="org.Fidelity.TestNG.Practise.Test2test" name="Test3" time="0.011"/>
  <system-out/>
</testsuite> <!-- org.Fidelity.TestNG.Practise.Test2test -->
