<?xml version="1.0" encoding="UTF-8"?>
<!-- Generated by org.testng.reporters.JUnitReportReporter -->
<testsuite skipped="0" hostname="Coolama-Tatta" name="launchBrowser.Instagram_Test" tests="1" failures="0" timestamp="2022-09-20T17:37:15 IST" time="12.496" errors="0">
  <testcase name="launchingInstagram" time="12.496" classname="launchBrowser.Instagram_Test"/>
  <system-out/>
</testsuite> <!-- launchBrowser.Instagram_Test -->
