<?xml version="1.0" encoding="UTF-8"?>
<!-- Generated by org.testng.reporters.JUnitReportReporter -->
<testsuite hostname="Coolama-Tatta" name="org.Fidelity.TestNG.Practise.Test1_Test" tests="1" failures="0" timestamp="20 Sep 2022 08:05:12 GMT" time="0.010" errors="0">
  <testcase name="Run1" time="0.010" classname="org.Fidelity.TestNG.Practise.Test1_Test"/>
</testsuite> <!-- org.Fidelity.TestNG.Practise.Test1_Test -->
