<?xml version="1.0" encoding="UTF-8"?>
<!-- Generated by org.testng.reporters.JUnitReportReporter -->
<testsuite hostname="Coolama-Tatta" name="org.Fidelity.TestNG.Practise.AnnotationPractiseTest" tests="2" failures="0" timestamp="20 Sep 2022 06:30:55 GMT" time="0.012" errors="0">
  <testcase name="Test2" time="0.007" classname="org.Fidelity.TestNG.Practise.AnnotationPractiseTest"/>
  <testcase name="Test1" time="0.005" classname="org.Fidelity.TestNG.Practise.AnnotationPractiseTest"/>
</testsuite> <!-- org.Fidelity.TestNG.Practise.AnnotationPractiseTest -->
