<?xml version="1.0" encoding="UTF-8"?>
<!-- Generated by org.testng.reporters.JUnitReportReporter -->
<testsuite hostname="Coolama-Tatta" name="launchBrowser.Facebook_Test" tests="1" failures="0" timestamp="20 Sep 2022 06:30:54 GMT" time="6.130" errors="0">
  <testcase name="launchingFacebook" time="6.130" classname="launchBrowser.Facebook_Test"/>
</testsuite> <!-- launchBrowser.Facebook_Test -->
