<?xml version="1.0" encoding="UTF-8"?>
<!-- Generated by org.testng.reporters.JUnitReportReporter -->
<testsuite hostname="Coolama-Tatta" name="org.Fidelity.TestNG.Practise.Test1test" tests="3" failures="0" timestamp="20 Sep 2022 06:30:55 GMT" time="0.003" errors="0">
  <testcase name="Run2" time="0.001" classname="org.Fidelity.TestNG.Practise.Test1test"/>
  <testcase name="Run3" time="0.001" classname="org.Fidelity.TestNG.Practise.Test1test"/>
  <testcase name="Run1" time="0.001" classname="org.Fidelity.TestNG.Practise.Test1test"/>
</testsuite> <!-- org.Fidelity.TestNG.Practise.Test1test -->
