<?xml version="1.0" encoding="UTF-8"?>
<!-- Generated by org.testng.reporters.JUnitReportReporter -->
<testsuite skipped="0" hostname="Coolama-Tatta" name="org.Fidelity.TestNG.Practise.Test2test" tests="1" failures="0" timestamp="2022-09-20T17:37:15 IST" time="0.002" errors="0">
  <testcase name="Test2" time="0.002" classname="org.Fidelity.TestNG.Practise.Test2test"/>
  <system-out/>
</testsuite> <!-- org.Fidelity.TestNG.Practise.Test2test -->
