<?xml version="1.0" encoding="UTF-8"?>
<!-- Generated by org.testng.reporters.JUnitReportReporter -->
<testsuite skipped="0" hostname="Coolama-Tatta" name="launchBrowser.Facebook_Test" tests="1" failures="0" timestamp="2022-09-20T17:37:15 IST" time="6.656" errors="0">
  <testcase name="launchingFacebook" time="6.656" classname="launchBrowser.Facebook_Test"/>
  <system-out/>
</testsuite> <!-- launchBrowser.Facebook_Test -->
